TN:
SF:/home/kunalganglani/Documents/projects/angularComp/src/polyfills.ts
FNF:0
FNH:0
DA:46,1
DA:60,1
LF:2
LH:2
BRF:0
BRH:0
end_of_record
TN:
SF:/home/kunalganglani/Documents/projects/angularComp/src/test.ts
FNF:0
FNH:0
DA:3,1
DA:4,1
DA:5,1
DA:13,1
DA:18,1
DA:20,1
LF:6
LH:6
BRF:0
BRH:0
end_of_record
TN:
SF:/home/kunalganglani/Documents/projects/angularComp/src/app/app.component.ts
FN:8,(anonymous_1)
FN:3,AppComponent
FNF:2
FNH:1
FNDA:1,(anonymous_1)
FNDA:0,AppComponent
DA:1,1
DA:8,1
DA:9,0
DA:10,1
LF:4
LH:3
BRF:0
BRH:0
end_of_record
TN:
SF:/home/kunalganglani/Documents/projects/angularComp/src/app/user.service.ts
FN:9,(anonymous_2)
FN:13,UserService
FN:15,(anonymous_4)
FN:16,(anonymous_5)
FNF:4
FNH:1
FNDA:1,(anonymous_2)
FNDA:0,UserService
FNDA:0,(anonymous_4)
FNDA:0,(anonymous_5)
DA:1,1
DA:2,1
DA:3,1
DA:9,1
DA:11,0
DA:13,0
DA:15,1
DA:16,0
DA:17,0
DA:19,1
LF:10
LH:6
BRF:0
BRH:0
end_of_record
TN:
SF:/home/kunalganglani/Documents/projects/angularComp/src/app/dashboard/dashboard.component.ts
FN:8,(anonymous_2)
FN:10,DashboardComponent
FN:12,(anonymous_4)
FNF:3
FNH:3
FNDA:1,(anonymous_2)
FNDA:1,DashboardComponent
FNDA:1,(anonymous_4)
DA:1,1
DA:8,1
DA:12,1
DA:15,1
LF:4
LH:4
BRF:0
BRH:0
end_of_record
TN:
SF:/home/kunalganglani/Documents/projects/angularComp/src/app/footer-bar/footer-bar.component.ts
FN:8,(anonymous_2)
FN:10,FooterBarComponent
FN:12,(anonymous_4)
FNF:3
FNH:3
FNDA:1,(anonymous_2)
FNDA:1,FooterBarComponent
FNDA:1,(anonymous_4)
DA:1,1
DA:8,1
DA:12,1
DA:15,1
LF:4
LH:4
BRF:0
BRH:0
end_of_record
TN:
SF:/home/kunalganglani/Documents/projects/angularComp/src/app/header-bar/header-bar.component.ts
FN:8,(anonymous_2)
FN:10,HeaderBarComponent
FN:12,(anonymous_4)
FNF:3
FNH:3
FNDA:1,(anonymous_2)
FNDA:1,HeaderBarComponent
FNDA:1,(anonymous_4)
DA:1,1
DA:8,1
DA:12,1
DA:15,1
LF:4
LH:4
BRF:0
BRH:0
end_of_record
